17399:M 09 Sep 15:48:02.652 * Increased maximum number of open files to 10032 (it was originally set to 4864).
                _._                                                  
           _.-``__ ''-._                                             
      _.-``    `.  `_.  ''-._           Redis 3.2.3 (00000000/0) 64 bit
  .-`` .-```.  ```\/    _.,_ ''-._                                   
 (    '      ,       .-`  | `,    )     Running in standalone mode
 |`-._`-...-` __...-.``-._|'` _.-'|     Port: 6379
 |    `-._   `._    /     _.-'    |     PID: 17399
  `-._    `-._  `-./  _.-'    _.-'                                   
 |`-._`-._    `-.__.-'    _.-'_.-'|                                  
 |    `-._`-._        _.-'_.-'    |           http://redis.io        
  `-._    `-._`-.__.-'_.-'    _.-'                                   
 |`-._`-._    `-.__.-'    _.-'_.-'|                                  
 |    `-._`-._        _.-'_.-'    |                                  
  `-._    `-._`-.__.-'_.-'    _.-'                                   
      `-._    `-.__.-'    _.-'                                       
          `-._        _.-'                                           
              `-.__.-'                                               

17399:M 09 Sep 15:48:02.654 # Server started, Redis version 3.2.3
17399:M 09 Sep 15:48:02.654 * DB loaded from disk: 0.000 seconds
17399:M 09 Sep 15:48:02.654 * The server is now ready to accept connections on port 6379
17399:signal-handler (1473806712) Received SIGTERM scheduling shutdown...
17399:M 14 Sep 06:45:12.882 # User requested shutdown...
17399:M 14 Sep 06:45:12.884 * Saving the final RDB snapshot before exiting.
17399:M 14 Sep 06:45:12.886 * DB saved on disk
17399:M 14 Sep 06:45:12.887 * Removing the pid file.
17399:M 14 Sep 06:45:12.887 # Redis is now ready to exit, bye bye...
